<?xml version="1.0" encoding="UTF-8"?>
<!-- Generated by org.testng.reporters.JUnitXMLReporter -->
<testsuite ignored="0" hostname="LAPTOP-MH082TRD" failures="0" tests="3" name="Submit Order" time="32.781" errors="0" timestamp="2023-08-18T17:38:31 GMT-04:00">
  <testcase classname="vinayDammala.tests.MainTest" name="submitOrder" time="4.714"/>
  <testcase classname="vinayDammala.tests.MainTest" name="submitOrder" time="4.815"/>
  <testcase classname="vinayDammala.tests.MainTest" name="orderPage" time="1.665"/>
</testsuite> <!-- Submit Order -->
