<?xml version="1.0" encoding="UTF-8"?>
<testng-results ignored="0" total="2" passed="2" failed="0" skipped="0">
  <reporter-output>
  </reporter-output>
  <suite started-at="2023-08-20T19:49:53 GMT-04:00" name="Default suite" finished-at="2023-08-20T19:50:13 GMT-04:00" duration-ms="19330">
    <groups>
      <group name="cucumber">
        <method signature="AbstractTestNGCucumberTests.runScenario(io.cucumber.testng.PickleWrapper,io.cucumber.testng.FeatureWrapper)[pri:0, instance:vinayDammala.tests.TestNgRunner@26794848]" name="runScenario" class="io.cucumber.testng.AbstractTestNGCucumberTests"/>
      </group> <!-- cucumber -->
    </groups>
    <test started-at="2023-08-20T19:49:53 GMT-04:00" name="Default test" finished-at="2023-08-20T19:50:13 GMT-04:00" duration-ms="19330">
      <class name="vinayDammala.tests.TestNgRunner">
        <test-method is-config="true" signature="setUpClass(org.testng.ITestContext)[pri:0, instance:vinayDammala.tests.TestNgRunner@26794848]" started-at="2023-08-20T19:49:53 GMT-04:00" name="setUpClass" finished-at="2023-08-20T19:49:54 GMT-04:00" duration-ms="495" status="PASS">
          <params>
            <param index="0">
              <value>
                <![CDATA[org.testng.TestRunner@28e8888d]]>
              </value>
            </param>
          </params>
          <reporter-output>
          </reporter-output>
        </test-method> <!-- setUpClass -->
        <test-method signature="runScenario(io.cucumber.testng.PickleWrapper,io.cucumber.testng.FeatureWrapper)[pri:0, instance:vinayDammala.tests.TestNgRunner@26794848]" started-at="2023-08-20T19:49:54 GMT-04:00" name="runScenario" description="Runs Cucumber Scenarios" data-provider="scenarios" finished-at="2023-08-20T19:50:02 GMT-04:00" duration-ms="8586" status="PASS">
          <params>
            <param index="0">
              <value>
                <![CDATA["To check the error of the Ecommerce page while logging"]]>
              </value>
            </param>
            <param index="1">
              <value>
                <![CDATA["This feature is to validate the error messages in the Ecommerce website"]]>
              </value>
            </param>
          </params>
          <reporter-output>
          </reporter-output>
        </test-method> <!-- runScenario -->
        <test-method signature="runScenario(io.cucumber.testng.PickleWrapper,io.cucumber.testng.FeatureWrapper)[pri:0, instance:vinayDammala.tests.TestNgRunner@26794848]" started-at="2023-08-20T19:50:02 GMT-04:00" name="runScenario" description="Runs Cucumber Scenarios" data-provider="scenarios" finished-at="2023-08-20T19:50:12 GMT-04:00" duration-ms="10115" status="PASS">
          <params>
            <param index="0">
              <value>
                <![CDATA["Positive test for submitting the Order"]]>
              </value>
            </param>
            <param index="1">
              <value>
                <![CDATA["This feature is to purchase the order from the Ecommerce Website"]]>
              </value>
            </param>
          </params>
          <reporter-output>
          </reporter-output>
        </test-method> <!-- runScenario -->
        <test-method is-config="true" signature="tearDownClass()[pri:0, instance:vinayDammala.tests.TestNgRunner@26794848]" started-at="2023-08-20T19:50:12 GMT-04:00" name="tearDownClass" finished-at="2023-08-20T19:50:13 GMT-04:00" duration-ms="68" status="PASS">
          <reporter-output>
          </reporter-output>
        </test-method> <!-- tearDownClass -->
      </class> <!-- vinayDammala.tests.TestNgRunner -->
    </test> <!-- Default test -->
  </suite> <!-- Default suite -->
</testng-results>
